<?xml version="1.0" encoding="UTF-8"?>
<testng-results ignored="0" total="4" passed="4" failed="0" skipped="0">
  <reporter-output>
  </reporter-output>
  <suite started-at="2022-10-09T15:36:08Z" name="TestRun" finished-at="2022-10-09T15:39:30Z" duration-ms="202669">
    <groups>
    </groups>
    <test started-at="2022-10-09T15:36:08Z" name="Test" finished-at="2022-10-09T15:39:30Z" duration-ms="202669">
      <class name="com.selenium.ui.account_management.login.HomePageAuthenticatedUser">
        <test-method signature="login_verifyTwitterLink(java.lang.String, java.lang.String, java.lang.String, java.lang.reflect.Method)[pri:0, instance:com.selenium.ui.account_management.login.HomePageAuthenticatedUser@1431267b]" started-at="2022-10-09T21:06:08Z" name="login_verifyTwitterLink" data-provider="browsers" finished-at="2022-10-09T21:07:09Z" duration-ms="61418" status="PASS">
          <params>
            <param index="0">
              <value>
                <![CDATA[chrome]]>
              </value>
            </param>
            <param index="1">
              <value>
                <![CDATA[94.0]]>
              </value>
            </param>
            <param index="2">
              <value>
                <![CDATA[Windows 10]]>
              </value>
            </param>
            <param index="3">
              <value>
                <![CDATA[public void com.selenium.ui.account_management.login.HomePageAuthenticatedUser.login_verifyTwitterLink(java.lang.String,java.lang.String,java.lang.String,java.lang.reflect.Method) throws java.lang.Exception]]>
              </value>
            </param>
          </params>
          <reporter-output>
          </reporter-output>
        </test-method> <!-- login_verifyTwitterLink -->
        <test-method signature="login_verifyLinkedInLink(java.lang.String, java.lang.String, java.lang.String, java.lang.reflect.Method)[pri:0, instance:com.selenium.ui.account_management.login.HomePageAuthenticatedUser@1431267b]" started-at="2022-10-09T21:06:08Z" name="login_verifyLinkedInLink" data-provider="browsers" finished-at="2022-10-09T21:08:31Z" duration-ms="143288" status="PASS">
          <params>
            <param index="0">
              <value>
                <![CDATA[chrome]]>
              </value>
            </param>
            <param index="1">
              <value>
                <![CDATA[94.0]]>
              </value>
            </param>
            <param index="2">
              <value>
                <![CDATA[Windows 10]]>
              </value>
            </param>
            <param index="3">
              <value>
                <![CDATA[public void com.selenium.ui.account_management.login.HomePageAuthenticatedUser.login_verifyLinkedInLink(java.lang.String,java.lang.String,java.lang.String,java.lang.reflect.Method) throws java.lang.Exception]]>
              </value>
            </param>
          </params>
          <reporter-output>
          </reporter-output>
        </test-method> <!-- login_verifyLinkedInLink -->
        <test-method signature="login_verifyFacebookLink(java.lang.String, java.lang.String, java.lang.String, java.lang.reflect.Method)[pri:0, instance:com.selenium.ui.account_management.login.HomePageAuthenticatedUser@1431267b]" started-at="2022-10-09T21:06:08Z" name="login_verifyFacebookLink" data-provider="browsers" finished-at="2022-10-09T21:06:37Z" duration-ms="29532" status="PASS">
          <params>
            <param index="0">
              <value>
                <![CDATA[chrome]]>
              </value>
            </param>
            <param index="1">
              <value>
                <![CDATA[94.0]]>
              </value>
            </param>
            <param index="2">
              <value>
                <![CDATA[Windows 10]]>
              </value>
            </param>
            <param index="3">
              <value>
                <![CDATA[public void com.selenium.ui.account_management.login.HomePageAuthenticatedUser.login_verifyFacebookLink(java.lang.String,java.lang.String,java.lang.String,java.lang.reflect.Method) throws java.lang.Exception]]>
              </value>
            </param>
          </params>
          <reporter-output>
          </reporter-output>
        </test-method> <!-- login_verifyFacebookLink -->
        <test-method signature="login_verifyGoogleLink(java.lang.String, java.lang.String, java.lang.String, java.lang.reflect.Method)[pri:0, instance:com.selenium.ui.account_management.login.HomePageAuthenticatedUser@1431267b]" started-at="2022-10-09T21:06:08Z" name="login_verifyGoogleLink" data-provider="browsers" finished-at="2022-10-09T21:09:28Z" duration-ms="200712" status="PASS">
          <params>
            <param index="0">
              <value>
                <![CDATA[chrome]]>
              </value>
            </param>
            <param index="1">
              <value>
                <![CDATA[94.0]]>
              </value>
            </param>
            <param index="2">
              <value>
                <![CDATA[Windows 10]]>
              </value>
            </param>
            <param index="3">
              <value>
                <![CDATA[public void com.selenium.ui.account_management.login.HomePageAuthenticatedUser.login_verifyGoogleLink(java.lang.String,java.lang.String,java.lang.String,java.lang.reflect.Method) throws java.lang.Exception]]>
              </value>
            </param>
          </params>
          <reporter-output>
          </reporter-output>
        </test-method> <!-- login_verifyGoogleLink -->
        <test-method is-config="true" signature="getReport(org.testng.ITestResult)[pri:0, instance:com.selenium.ui.account_management.login.HomePageAuthenticatedUser@1431267b]" started-at="2022-10-09T21:06:37Z" name="getReport" finished-at="2022-10-09T21:06:39Z" duration-ms="1609" status="PASS">
          <params>
            <param index="0">
              <value>
                <![CDATA[[TestResult name=login_verifyFacebookLink status=SUCCESS method=HomePageAuthenticatedUser.login_verifyFacebookLink(java.lang.String, java.lang.String, java.lang.String, java.lang.reflect.Method)[pri:0, instance:com.selenium.ui.account_management.login.HomePageAuthenticatedUser@1431267b] output={null}]]]>
              </value>
            </param>
          </params>
          <reporter-output>
          </reporter-output>
        </test-method> <!-- getReport -->
        <test-method is-config="true" signature="getReport(org.testng.ITestResult)[pri:0, instance:com.selenium.ui.account_management.login.HomePageAuthenticatedUser@1431267b]" started-at="2022-10-09T21:07:09Z" name="getReport" finished-at="2022-10-09T21:07:12Z" duration-ms="3393" status="PASS">
          <params>
            <param index="0">
              <value>
                <![CDATA[[TestResult name=login_verifyTwitterLink status=SUCCESS method=HomePageAuthenticatedUser.login_verifyTwitterLink(java.lang.String, java.lang.String, java.lang.String, java.lang.reflect.Method)[pri:0, instance:com.selenium.ui.account_management.login.HomePageAuthenticatedUser@1431267b] output={null}]]]>
              </value>
            </param>
          </params>
          <reporter-output>
          </reporter-output>
        </test-method> <!-- getReport -->
        <test-method is-config="true" signature="getReport(org.testng.ITestResult)[pri:0, instance:com.selenium.ui.account_management.login.HomePageAuthenticatedUser@1431267b]" started-at="2022-10-09T21:08:31Z" name="getReport" finished-at="2022-10-09T21:08:33Z" duration-ms="1693" status="PASS">
          <params>
            <param index="0">
              <value>
                <![CDATA[[TestResult name=login_verifyLinkedInLink status=SUCCESS method=HomePageAuthenticatedUser.login_verifyLinkedInLink(java.lang.String, java.lang.String, java.lang.String, java.lang.reflect.Method)[pri:0, instance:com.selenium.ui.account_management.login.HomePageAuthenticatedUser@1431267b] output={null}]]]>
              </value>
            </param>
          </params>
          <reporter-output>
          </reporter-output>
        </test-method> <!-- getReport -->
        <test-method is-config="true" signature="getReport(org.testng.ITestResult)[pri:0, instance:com.selenium.ui.account_management.login.HomePageAuthenticatedUser@1431267b]" started-at="2022-10-09T21:09:28Z" name="getReport" finished-at="2022-10-09T21:09:30Z" duration-ms="1893" status="PASS">
          <params>
            <param index="0">
              <value>
                <![CDATA[[TestResult name=login_verifyGoogleLink status=SUCCESS method=HomePageAuthenticatedUser.login_verifyGoogleLink(java.lang.String, java.lang.String, java.lang.String, java.lang.reflect.Method)[pri:0, instance:com.selenium.ui.account_management.login.HomePageAuthenticatedUser@1431267b] output={null}]]]>
              </value>
            </param>
          </params>
          <reporter-output>
          </reporter-output>
        </test-method> <!-- getReport -->
      </class> <!-- com.selenium.ui.account_management.login.HomePageAuthenticatedUser -->
    </test> <!-- Test -->
  </suite> <!-- TestRun -->
</testng-results>
