<?xml version="1.0" encoding="UTF-8"?>
<!-- Generated by org.testng.reporters.JUnitXMLReporter -->
<testsuite ignored="0" hostname="E-5CG2203KXG" failures="0" tests="4" name="Test" time="202.669" errors="0" timestamp="09 Oct 2022 15:39:30 GMT">
  <testcase classname="com.selenium.ui.account_management.login.HomePageAuthenticatedUser" name="login_verifyFacebookLink" time="29.532"/>
  <testcase classname="com.selenium.ui.account_management.login.HomePageAuthenticatedUser" name="login_verifyTwitterLink" time="61.418"/>
  <testcase classname="com.selenium.ui.account_management.login.HomePageAuthenticatedUser" name="login_verifyLinkedInLink" time="143.288"/>
  <testcase classname="com.selenium.ui.account_management.login.HomePageAuthenticatedUser" name="login_verifyGoogleLink" time="200.712"/>
</testsuite> <!-- Test -->
